\BOOKMARK [0][-]{chapter.1}{Introdução}{}% 1
\BOOKMARK [0][-]{chapter.2}{Fundamentação Teórica}{}% 2
\BOOKMARK [1][-]{section.2.1}{Orientação a Objetos}{chapter.2}% 3
\BOOKMARK [1][-]{section.2.2}{A Linguagem de Programação C++}{chapter.2}% 4
\BOOKMARK [1][-]{section.2.3}{O Framework Qt}{chapter.2}% 5
\BOOKMARK [1][-]{section.2.4}{Sistemas Gerenciadores de Bancos de Dados Relacionais}{chapter.2}% 6
\BOOKMARK [1][-]{section.2.5}{O PostgreSQL}{chapter.2}% 7
\BOOKMARK [1][-]{section.2.6}{A combinação SGBDs com Linguagens Orientadas a Objeto}{chapter.2}% 8
\BOOKMARK [1][-]{section.2.7}{Bibliotecas de Mapeamento Objeto Relacional \(ORM\)}{chapter.2}% 9
\BOOKMARK [0][-]{chapter.3}{Trabalhos relacionados}{}% 10
\BOOKMARK [1][-]{section.3.1}{Um framework de mapeamento objeto-relacional com um exemplo em C++}{chapter.3}% 11
\BOOKMARK [1][-]{section.3.2}{QxORM}{chapter.3}% 12
\BOOKMARK [0][-]{chapter.4}{A biblioteca ORM4Qt}{}% 13
\BOOKMARK [1][-]{section.4.1}{Arquitetura em camadas}{chapter.4}% 14
\BOOKMARK [1][-]{section.4.2}{Camada de Objeto}{chapter.4}% 15
\BOOKMARK [2][-]{subsection.4.2.1}{Quebrando o encapsulamento das classes}{section.4.2}% 16
\BOOKMARK [2][-]{subsection.4.2.2}{Inserindo metadados através de anotações}{section.4.2}% 17
\BOOKMARK [1][-]{section.4.3}{Camada de Armazenamento}{chapter.4}% 18
\BOOKMARK [0][-]{chapter.5}{Cronograma de Atividades}{}% 19
\BOOKMARK [0][-]{chapter.6}{Conclusão}{}% 20
\BOOKMARK [0][-]{chapter*.20}{Refer\352ncias Bibliogr\341ficas}{}% 21
