This is pdfTeX, Version 3.1415926-2.5-1.40.14 (TeX Live 2013/Debian) (format=pdflatex 2014.10.24)  17 NOV 2014 21:29
entering extended mode
 restricted \write18 enabled.
 %&-line parsing enabled.
**tcc.tex
(./tcc.tex
LaTeX2e <2011/06/27>
Babel <3.9h> and hyphenation patterns for 78 languages loaded.
(./abnt_UFF.cls (./cvs-id.def)
Document Class: abnt_UFF 2004/11/02 v1.27.2.1 Classe abnt_UFF (NBR6024, NBR6027
, NBR6028, NBR14724)
(/usr/share/texlive/texmf-dist/tex/latex/base/ifthen.sty
Package: ifthen 2001/05/26 v1.1c Standard LaTeX ifthen package (DPC)
)
(/usr/share/texlive/texmf-dist/tex/latex/tools/calc.sty
Package: calc 2007/08/22 v4.3 Infix arithmetic (KKT,FJ)
\calc@Acount=\count79
\calc@Bcount=\count80
\calc@Adimen=\dimen102
\calc@Bdimen=\dimen103
\calc@Askip=\skip41
\calc@Bskip=\skip42
LaTeX Info: Redefining \setlength on input line 76.
LaTeX Info: Redefining \addtolength on input line 77.
\calc@Ccount=\count81
\calc@Cskip=\skip43
)
(/usr/share/texlive/texmf-dist/tex/latex/tools/multicol.sty
Package: multicol 2011/06/27 v1.7a multicolumn formatting (FMi)
\c@tracingmulticols=\count82
\mult@box=\box26
\multicol@leftmargin=\dimen104
\c@unbalance=\count83
\c@collectmore=\count84
\doublecol@number=\count85
\multicoltolerance=\count86
\multicolpretolerance=\count87
\full@width=\dimen105
\page@free=\dimen106
\premulticols=\dimen107
\postmulticols=\dimen108
\multicolsep=\skip44
\multicolbaselineskip=\skip45
\partial@page=\box27
\last@line=\box28
\mult@rightbox=\box29
\mult@grightbox=\box30
\mult@gfirstbox=\box31
\mult@firstbox=\box32
\@tempa=\box33
\@tempa=\box34
\@tempa=\box35
\@tempa=\box36
\@tempa=\box37
\@tempa=\box38
\@tempa=\box39
\@tempa=\box40
\@tempa=\box41
\@tempa=\box42
\@tempa=\box43
\@tempa=\box44
\@tempa=\box45
\@tempa=\box46
\@tempa=\box47
\@tempa=\box48
\@tempa=\box49
\c@columnbadness=\count88
\c@finalcolumnbadness=\count89
\last@try=\dimen109
\multicolovershoot=\dimen110
\multicolundershoot=\dimen111
\mult@nat@firstbox=\box50
\colbreak@box=\box51
\multicol@sort@counter=\count90
)
(/usr/share/texlive/texmf-dist/tex/latex/base/report.cls
Document Class: report 2007/10/19 v1.4h Standard LaTeX document class
(/usr/share/texlive/texmf-dist/tex/latex/base/size12.clo
File: size12.clo 2007/10/19 v1.4h Standard LaTeX file (size option)
)
\c@part=\count91
\c@chapter=\count92
\c@section=\count93
\c@subsection=\count94
\c@subsubsection=\count95
\c@paragraph=\count96
\c@subparagraph=\count97
\c@figure=\count98
\c@table=\count99
\abovecaptionskip=\skip46
\belowcaptionskip=\skip47
\bibindent=\dimen112
)
(/usr/share/texlive/texmf-dist/tex/latex/setspace/setspace.sty
Package: setspace 2011/12/19 v6.7a set line spacing
)
\ABNTanapindent=\skip48
\ABNTsignwidth=\skip49
\ABNTsignthickness=\skip50
\ABNTsignskip=\skip51
)
(/usr/share/texlive/texmf-dist/tex/generic/babel/babel.sty
Package: babel 2013/12/03 3.9h The Babel package

(/usr/share/texlive/texmf-dist/tex/generic/babel-portuges/portuges.ldf
Language: portuges 2008/03/18 v1.2q Portuguese support from the babel system

(/usr/share/texlive/texmf-dist/tex/generic/babel/babel.def
File: babel.def 2013/12/03 3.9h Babel common definitions
\babel@savecnt=\count100
\U@D=\dimen113
)
\l@brazil = a dialect from \language\l@portuges 
Package babel Info: Making " an active character on input line 145.
))
(/usr/share/texlive/texmf-dist/tex/latex/base/fontenc.sty
Package: fontenc 2005/09/27 v1.99g Standard LaTeX package

(/usr/share/texlive/texmf-dist/tex/latex/base/t1enc.def
File: t1enc.def 2005/09/27 v1.99g Standard LaTeX file
LaTeX Font Info:    Redeclaring font encoding T1 on input line 43.
))
(/usr/share/texlive/texmf-dist/tex/latex/hyperref/hyperref.sty
Package: hyperref 2012/11/06 v6.83m Hypertext links for LaTeX

(/usr/share/texlive/texmf-dist/tex/generic/oberdiek/hobsub-hyperref.sty
Package: hobsub-hyperref 2012/05/28 v1.13 Bundle oberdiek, subset hyperref (HO)


(/usr/share/texlive/texmf-dist/tex/generic/oberdiek/hobsub-generic.sty
Package: hobsub-generic 2012/05/28 v1.13 Bundle oberdiek, subset generic (HO)
Package: hobsub 2012/05/28 v1.13 Construct package bundles (HO)
Package: infwarerr 2010/04/08 v1.3 Providing info/warning/error messages (HO)
Package: ltxcmds 2011/11/09 v1.22 LaTeX kernel commands for general use (HO)
Package: ifluatex 2010/03/01 v1.3 Provides the ifluatex switch (HO)
Package ifluatex Info: LuaTeX not detected.
Package: ifvtex 2010/03/01 v1.5 Detect VTeX and its facilities (HO)
Package ifvtex Info: VTeX not detected.
Package: intcalc 2007/09/27 v1.1 Expandable calculations with integers (HO)
Package: ifpdf 2011/01/30 v2.3 Provides the ifpdf switch (HO)
Package ifpdf Info: pdfTeX in PDF mode is detected.
Package: etexcmds 2011/02/16 v1.5 Avoid name clashes with e-TeX commands (HO)
Package etexcmds Info: Could not find \expanded.
(etexcmds)             That can mean that you are not using pdfTeX 1.50 or
(etexcmds)             that some package has redefined \expanded.
(etexcmds)             In the latter case, load this package earlier.
Package: kvsetkeys 2012/04/25 v1.16 Key value parser (HO)
Package: kvdefinekeys 2011/04/07 v1.3 Define keys (HO)
Package: pdftexcmds 2011/11/29 v0.20 Utility functions of pdfTeX for LuaTeX (HO
)
Package pdftexcmds Info: LuaTeX not detected.
Package pdftexcmds Info: \pdf@primitive is available.
Package pdftexcmds Info: \pdf@ifprimitive is available.
Package pdftexcmds Info: \pdfdraftmode found.
Package: pdfescape 2011/11/25 v1.13 Implements pdfTeX's escape features (HO)
Package: bigintcalc 2012/04/08 v1.3 Expandable calculations on big integers (HO
)
Package: bitset 2011/01/30 v1.1 Handle bit-vector datatype (HO)
Package: uniquecounter 2011/01/30 v1.2 Provide unlimited unique counter (HO)
)
Package hobsub Info: Skipping package `hobsub' (already loaded).
Package: letltxmacro 2010/09/02 v1.4 Let assignment for LaTeX macros (HO)
Package: hopatch 2012/05/28 v1.2 Wrapper for package hooks (HO)
Package: xcolor-patch 2011/01/30 xcolor patch
Package: atveryend 2011/06/30 v1.8 Hooks at the very end of document (HO)
Package atveryend Info: \enddocument detected (standard20110627).
Package: atbegshi 2011/10/05 v1.16 At begin shipout hook (HO)
Package: refcount 2011/10/16 v3.4 Data extraction from label references (HO)
Package: hycolor 2011/01/30 v1.7 Color options for hyperref/bookmark (HO)
)
(/usr/share/texlive/texmf-dist/tex/latex/graphics/keyval.sty
Package: keyval 1999/03/16 v1.13 key=value parser (DPC)
\KV@toks@=\toks14
)
(/usr/share/texlive/texmf-dist/tex/generic/ifxetex/ifxetex.sty
Package: ifxetex 2010/09/12 v0.6 Provides ifxetex conditional
)
(/usr/share/texlive/texmf-dist/tex/latex/oberdiek/auxhook.sty
Package: auxhook 2011/03/04 v1.3 Hooks for auxiliary files (HO)
)
(/usr/share/texlive/texmf-dist/tex/latex/oberdiek/kvoptions.sty
Package: kvoptions 2011/06/30 v3.11 Key value format for package options (HO)
)
\@linkdim=\dimen114
\Hy@linkcounter=\count101
\Hy@pagecounter=\count102

(/usr/share/texlive/texmf-dist/tex/latex/hyperref/pd1enc.def
File: pd1enc.def 2012/11/06 v6.83m Hyperref: PDFDocEncoding definition (HO)
)
\Hy@SavedSpaceFactor=\count103

(/usr/share/texlive/texmf-dist/tex/latex/latexconfig/hyperref.cfg
File: hyperref.cfg 2002/06/06 v1.2 hyperref configuration of TeXLive
)
Package hyperref Info: Hyper figures OFF on input line 4443.
Package hyperref Info: Link nesting OFF on input line 4448.
Package hyperref Info: Hyper index ON on input line 4451.
Package hyperref Info: Plain pages OFF on input line 4458.
Package hyperref Info: Backreferencing OFF on input line 4463.
Package hyperref Info: Implicit mode ON; LaTeX internals redefined.
Package hyperref Info: Bookmarks ON on input line 4688.
\c@Hy@tempcnt=\count104

(/usr/share/texlive/texmf-dist/tex/latex/url/url.sty
\Urlmuskip=\muskip10
Package: url 2013/09/16  ver 3.4  Verb mode for urls, etc.
)
LaTeX Info: Redefining \url on input line 5041.
\XeTeXLinkMargin=\dimen115
\Fld@menulength=\count105
\Field@Width=\dimen116
\Fld@charsize=\dimen117
Package hyperref Info: Hyper figures OFF on input line 6295.
Package hyperref Info: Link nesting OFF on input line 6300.
Package hyperref Info: Hyper index ON on input line 6303.
Package hyperref Info: backreferencing OFF on input line 6310.
Package hyperref Info: Link coloring OFF on input line 6315.
Package hyperref Info: Link coloring with OCG OFF on input line 6320.
Package hyperref Info: PDF/A mode OFF on input line 6325.
LaTeX Info: Redefining \ref on input line 6365.
LaTeX Info: Redefining \pageref on input line 6369.
\Hy@abspage=\count106
\c@Item=\count107
\c@Hfootnote=\count108
)

Package hyperref Message: Driver (autodetected): hpdftex.

(/usr/share/texlive/texmf-dist/tex/latex/hyperref/hpdftex.def
File: hpdftex.def 2012/11/06 v6.83m Hyperref driver for pdfTeX
\Fld@listcount=\count109
\c@bookmark@seq@number=\count110

(/usr/share/texlive/texmf-dist/tex/latex/oberdiek/rerunfilecheck.sty
Package: rerunfilecheck 2011/04/15 v1.7 Rerun checks for auxiliary files (HO)
Package uniquecounter Info: New unique counter `rerunfilecheck' on input line 2
82.
)
\Hy@SectionHShift=\skip52
)
(/usr/share/texlive/texmf-dist/tex/generic/epsf/epsf.sty
This is `epsf.tex' v2.7.4 <14 February 2011>
\epsffilein=\read1
\epsfframemargin=\dimen118
\epsfframethickness=\dimen119
\epsfrsize=\dimen120
\epsftmp=\dimen121
\epsftsize=\dimen122
\epsfxsize=\dimen123
\epsfysize=\dimen124
\pspoints=\dimen125
) (/usr/share/texlive/texmf-dist/tex/latex/graphics/graphicx.sty
Package: graphicx 1999/02/16 v1.0f Enhanced LaTeX Graphics (DPC,SPQR)

(/usr/share/texlive/texmf-dist/tex/latex/graphics/graphics.sty
Package: graphics 2009/02/05 v1.0o Standard LaTeX Graphics (DPC,SPQR)

(/usr/share/texlive/texmf-dist/tex/latex/graphics/trig.sty
Package: trig 1999/03/16 v1.09 sin cos tan (DPC)
)
(/usr/share/texlive/texmf-dist/tex/latex/latexconfig/graphics.cfg
File: graphics.cfg 2010/04/23 v1.9 graphics configuration of TeX Live
)
Package graphics Info: Driver file: pdftex.def on input line 91.

(/usr/share/texlive/texmf-dist/tex/latex/pdftex-def/pdftex.def
File: pdftex.def 2011/05/27 v0.06d Graphics/color for pdfTeX
\Gread@gobject=\count111
))
\Gin@req@height=\dimen126
\Gin@req@width=\dimen127
)
(/usr/share/texlive/texmf-dist/tex/generic/ulem/ulem.sty
\UL@box=\box52
\UL@hyphenbox=\box53
\UL@skip=\skip53
\UL@hook=\toks15
\UL@height=\dimen128
\UL@pe=\count112
\UL@pixel=\dimen129
\ULC@box=\box54
Package: ulem 2012/05/18
\ULdepth=\dimen130
)
(/usr/share/texlive/texmf-dist/tex/latex/base/latexsym.sty
Package: latexsym 1998/08/17 v2.2e Standard LaTeX package (lasy symbols)
\symlasy=\mathgroup4
LaTeX Font Info:    Overwriting symbol font `lasy' in version `bold'
(Font)                  U/lasy/m/n --> U/lasy/b/n on input line 47.
)
(/usr/share/texlive/texmf-dist/tex/latex/amsmath/amsmath.sty
Package: amsmath 2013/01/14 v2.14 AMS math features
\@mathmargin=\skip54

For additional information on amsmath, use the `?' option.
(/usr/share/texlive/texmf-dist/tex/latex/amsmath/amstext.sty
Package: amstext 2000/06/29 v2.01

(/usr/share/texlive/texmf-dist/tex/latex/amsmath/amsgen.sty
File: amsgen.sty 1999/11/30 v2.0
\@emptytoks=\toks16
\ex@=\dimen131
))
(/usr/share/texlive/texmf-dist/tex/latex/amsmath/amsbsy.sty
Package: amsbsy 1999/11/29 v1.2d
\pmbraise@=\dimen132
)
(/usr/share/texlive/texmf-dist/tex/latex/amsmath/amsopn.sty
Package: amsopn 1999/12/14 v2.01 operator names
)
\inf@bad=\count113
LaTeX Info: Redefining \frac on input line 210.
\uproot@=\count114
\leftroot@=\count115
LaTeX Info: Redefining \overline on input line 306.
\classnum@=\count116
\DOTSCASE@=\count117
LaTeX Info: Redefining \ldots on input line 378.
LaTeX Info: Redefining \dots on input line 381.
LaTeX Info: Redefining \cdots on input line 466.
\Mathstrutbox@=\box55
\strutbox@=\box56
\big@size=\dimen133
LaTeX Font Info:    Redeclaring font encoding OML on input line 566.
LaTeX Font Info:    Redeclaring font encoding OMS on input line 567.
\macc@depth=\count118
\c@MaxMatrixCols=\count119
\dotsspace@=\muskip11
\c@parentequation=\count120
\dspbrk@lvl=\count121
\tag@help=\toks17
\row@=\count122
\column@=\count123
\maxfields@=\count124
\andhelp@=\toks18
\eqnshift@=\dimen134
\alignsep@=\dimen135
\tagshift@=\dimen136
\tagwidth@=\dimen137
\totwidth@=\dimen138
\lineht@=\dimen139
\@envbody=\toks19
\multlinegap=\skip55
\multlinetaggap=\skip56
\mathdisplay@stack=\toks20
LaTeX Info: Redefining \[ on input line 2665.
LaTeX Info: Redefining \] on input line 2666.
)
(/usr/share/texlive/texmf-dist/tex/latex/amsfonts/amssymb.sty
Package: amssymb 2013/01/14 v3.01 AMS font symbols

(/usr/share/texlive/texmf-dist/tex/latex/amsfonts/amsfonts.sty
Package: amsfonts 2013/01/14 v3.01 Basic AMSFonts support
\symAMSa=\mathgroup5
\symAMSb=\mathgroup6
LaTeX Font Info:    Overwriting math alphabet `\mathfrak' in version `bold'
(Font)                  U/euf/m/n --> U/euf/b/n on input line 106.
))
(./algorithmic.sty
Package: algorithmic 2005/07/05

Document Style `algorithmic' - environment
\c@ALC@line=\count125
\c@ALC@rem=\count126
\c@ALC@depth=\count127
\ALC@tlm=\skip57
\algorithmicindent=\skip58
) (/usr/share/texlive/texmf-dist/tex/latex/rotating/rotating.sty
Package: rotating 2009/03/28 v2.16a rotated objects in LaTeX
\c@r@tfl@t=\count128
\rotFPtop=\skip59
\rotFPbot=\skip60
\rot@float@box=\box57
\rot@mess@toks=\toks21
)
(/usr/share/texlive/texmf-dist/tex/latex/multirow/multirow.sty
\bigstrutjot=\dimen140
)
(/usr/share/texlive/texmf-dist/tex/latex/tocbibind/tocbibind.sty
Package: tocbibind 2010/10/13 v1.5k extra ToC listings
Package tocbibind Info: The document has chapter divisions on input line 50.


Package tocbibind Note: Using chapter style headings, unless overridden.

) (/usr/share/texlive/texmf-dist/tex/latex/listings/listings.sty
\lst@mode=\count129
\lst@gtempboxa=\box58
\lst@token=\toks22
\lst@length=\count130
\lst@currlwidth=\dimen141
\lst@column=\count131
\lst@pos=\count132
\lst@lostspace=\dimen142
\lst@width=\dimen143
\lst@newlines=\count133
\lst@lineno=\count134
\lst@maxwidth=\dimen144

(/usr/share/texlive/texmf-dist/tex/latex/listings/lstmisc.sty
File: lstmisc.sty 2013/08/26 1.5b (Carsten Heinz)
\c@lstnumber=\count135
\lst@skipnumbers=\count136
\lst@framebox=\box59
)
(/usr/share/texlive/texmf-dist/tex/latex/listings/listings.cfg
File: listings.cfg 2013/08/26 1.5b listings configuration
))
Package: listings 2013/08/26 1.5b (Carsten Heinz)

(/usr/share/texlive/texmf-dist/tex/latex/pdfpages/pdfpages.sty
Package: pdfpages 2013/08/25 v0.4v Insert pages of external PDF documents (AM)

(/usr/share/texlive/texmf-dist/tex/latex/eso-pic/eso-pic.sty
Package: eso-pic 2013/10/06 v2.0d eso-pic (RN)

(/usr/share/texmf/tex/latex/xcolor/xcolor.sty
Package: xcolor 2007/01/21 v2.11 LaTeX color extensions (UK)

(/usr/share/texlive/texmf-dist/tex/latex/latexconfig/color.cfg
File: color.cfg 2007/01/18 v1.5 color configuration of teTeX/TeXLive
)
Package xcolor Info: Driver file: pdftex.def on input line 225.
Package xcolor Info: Model `cmy' substituted by `cmy0' on input line 1337.
Package xcolor Info: Model `hsb' substituted by `rgb' on input line 1341.
Package xcolor Info: Model `RGB' extended on input line 1353.
Package xcolor Info: Model `HTML' substituted by `rgb' on input line 1355.
Package xcolor Info: Model `Hsb' substituted by `hsb' on input line 1356.
Package xcolor Info: Model `tHsb' substituted by `hsb' on input line 1357.
Package xcolor Info: Model `HSB' substituted by `hsb' on input line 1358.
Package xcolor Info: Model `Gray' substituted by `gray' on input line 1359.
Package xcolor Info: Model `wave' substituted by `hsb' on input line 1360.
))
(/usr/share/texlive/texmf-dist/tex/latex/pdfpages/pppdftex.def
File: pppdftex.def 2013/08/25 v0.4v Pdfpages driver for pdfTeX (AM)
)
\AM@pagebox=\box60
\AM@toc@title=\toks23
\c@AM@survey=\count137
\AM@templatesizebox=\box61
)
(/usr/share/texlive/texmf-dist/tex/latex/booktabs/booktabs.sty
Package: booktabs 2005/04/14 v1.61803 publication quality tables
\heavyrulewidth=\dimen145
\lightrulewidth=\dimen146
\cmidrulewidth=\dimen147
\belowrulesep=\dimen148
\belowbottomsep=\dimen149
\aboverulesep=\dimen150
\abovetopsep=\dimen151
\cmidrulesep=\dimen152
\cmidrulekern=\dimen153
\defaultaddspace=\dimen154
\@cmidla=\count138
\@cmidlb=\count139
\@aboverulesep=\dimen155
\@belowrulesep=\dimen156
\@thisruleclass=\count140
\@lastruleclass=\count141
\@thisrulewidth=\dimen157
)
(/usr/share/texlive/texmf-dist/tex/latex/oberdiek/pdflscape.sty
Package: pdflscape 2008/08/11 v0.10 Display of landscape pages in PDF (HO)

(/usr/share/texlive/texmf-dist/tex/latex/graphics/lscape.sty
Package: lscape 2000/10/22 v3.01 Landscape Pages (DPC)
)
Package pdflscape Info: Auto-detected driver: pdftex on input line 80.
)
(/usr/share/texlive/texmf-dist/tex/latex/caption/caption.sty
Package: caption 2013/05/02 v3.3-89 Customizing captions (AR)

(/usr/share/texlive/texmf-dist/tex/latex/caption/caption3.sty
Package: caption3 2013/05/02 v1.6-88 caption3 kernel (AR)
Package caption3 Info: TeX engine: e-TeX on input line 57.
\captionmargin=\dimen158
\captionmargin@=\dimen159
\captionwidth=\dimen160
\caption@tempdima=\dimen161
\caption@indent=\dimen162
\caption@parindent=\dimen163
\caption@hangindent=\dimen164
)
\c@ContinuedFloat=\count142
Package caption Info: hyperref package is loaded.
Package caption Info: listings package is loaded.
Package caption Info: rotating package is loaded.
)
(/usr/share/texlive/texmf-dist/tex/latex/caption/subcaption.sty
Package: subcaption 2013/02/03 v1.1-62 Sub-captions (AR)
\c@subfigure=\count143
\c@subtable=\count144
)
(./algorithm2e.sty
Package: algorithm2e 2005/10/04 v3.9 algorithms environments
\c@AlgoLine=\count145
 (/usr/share/texlive/texmf-dist/tex/latex/tools/xspace.sty
Package: xspace 2009/10/20 v1.13 Space after command names (DPC,MH)
)
********************************************************
Package `algorithm2e' Release 3.9 -- october 04 2005 --
- algorithm2e-announce@lirmm.fr mailing list for announcement about releases
- algorithm2e-discussion@lirmm.fr mailing list for discussion about package
subscribe by emailing sympa@lirmm.fr with 'subscribe <list> <firstname name>'
- Author: Christophe Fiorio (fiorio@lirmm.fr)
********************************************************
\skiptotal=\skip61
\skiprule=\skip62
\skiphlne=\skip63
\skiptext=\skip64
\skiplength=\skip65
\algomargin=\skip66
\skipalgocfslide=\skip67
\algowidth=\dimen165
\inoutsize=\dimen166
\inoutline=\dimen167
\algocf@inoutbox=\box62
\algocf@inputbox=\box63
\AlCapSkip=\skip68
\AlCapHSkip=\skip69
\algocf@capbox=\box64
\c@algocfline=\count146
\c@algocf=\count147
\algocf@algoframe=\box65
\algocf@algobox=\box66
) (/usr/share/texlive/texmf-dist/tex/latex/listings/lstlang1.sty
File: lstlang1.sty 2013/08/26 1.5b listings language file
)
(/usr/share/texlive/texmf-dist/tex/latex/listings/lstlang1.sty
File: lstlang1.sty 2013/08/26 1.5b listings language file
)
(/usr/share/texlive/texmf-dist/tex/latex/listings/lstmisc.sty
File: lstmisc.sty 2013/08/26 1.5b (Carsten Heinz)
) (./tcc.aux)
\openout1 = `tcc.aux'.

LaTeX Font Info:    Checking defaults for OML/cmm/m/it on input line 87.
LaTeX Font Info:    ... okay on input line 87.
LaTeX Font Info:    Checking defaults for T1/cmr/m/n on input line 87.
LaTeX Font Info:    ... okay on input line 87.
LaTeX Font Info:    Checking defaults for OT1/cmr/m/n on input line 87.
LaTeX Font Info:    ... okay on input line 87.
LaTeX Font Info:    Checking defaults for OMS/cmsy/m/n on input line 87.
LaTeX Font Info:    ... okay on input line 87.
LaTeX Font Info:    Checking defaults for OMX/cmex/m/n on input line 87.
LaTeX Font Info:    ... okay on input line 87.
LaTeX Font Info:    Checking defaults for U/cmr/m/n on input line 87.
LaTeX Font Info:    ... okay on input line 87.
LaTeX Font Info:    Checking defaults for PD1/pdf/m/n on input line 87.
LaTeX Font Info:    ... okay on input line 87.
\AtBeginShipoutBox=\box67
Package hyperref Info: Link coloring OFF on input line 87.

(/usr/share/texlive/texmf-dist/tex/latex/hyperref/nameref.sty
Package: nameref 2012/10/27 v2.43 Cross-referencing by name of section

(/usr/share/texlive/texmf-dist/tex/generic/oberdiek/gettitlestring.sty
Package: gettitlestring 2010/12/03 v1.4 Cleanup title references (HO)
)
\c@section@level=\count148
)
LaTeX Info: Redefining \ref on input line 87.
LaTeX Info: Redefining \pageref on input line 87.
LaTeX Info: Redefining \nameref on input line 87.

(./tcc.out) (./tcc.out)
\@outlinefile=\write3
\openout3 = `tcc.out'.


(/usr/share/texlive/texmf-dist/tex/context/base/supp-pdf.mkii
[Loading MPS to PDF converter (version 2006.09.02).]
\scratchcounter=\count149
\scratchdimen=\dimen168
\scratchbox=\box68
\nofMPsegments=\count150
\nofMParguments=\count151
\everyMPshowfont=\toks24
\MPscratchCnt=\count152
\MPscratchDim=\dimen169
\MPnumerator=\count153
\makeMPintoPDFobject=\count154
\everyMPtoPDFconversion=\toks25
) (/usr/share/texlive/texmf-dist/tex/latex/oberdiek/epstopdf-base.sty
Package: epstopdf-base 2010/02/09 v2.5 Base part for package epstopdf

(/usr/share/texlive/texmf-dist/tex/latex/oberdiek/grfext.sty
Package: grfext 2010/08/19 v1.1 Manage graphics extensions (HO)
)
Package grfext Info: Graphics extension search list:
(grfext)             [.png,.pdf,.jpg,.mps,.jpeg,.jbig2,.jb2,.PNG,.PDF,.JPG,.JPE
G,.JBIG2,.JB2,.eps]
(grfext)             \AppendGraphicsExtensions on input line 452.

(/usr/share/texlive/texmf-dist/tex/latex/latexconfig/epstopdf-sys.cfg
File: epstopdf-sys.cfg 2010/07/13 v1.3 Configuration of (r)epstopdf for TeX Liv
e
))
\c@lstlisting=\count155
Package caption Info: Begin \AtBeginDocument code.
Package caption Info: End \AtBeginDocument code.

(./00_capa_demais_blocos.tex
LaTeX Font Info:    Try loading font information for U+lasy on input line 32.

(/usr/share/texlive/texmf-dist/tex/latex/base/ulasy.fd
File: ulasy.fd 1998/08/17 v2.2e LaTeX symbol font definitions
)
LaTeX Font Info:    Try loading font information for U+msa on input line 32.

(/usr/share/texlive/texmf-dist/tex/latex/amsfonts/umsa.fd
File: umsa.fd 2013/01/14 v3.01 AMS symbols A
)
LaTeX Font Info:    Try loading font information for U+msb on input line 32.

(/usr/share/texlive/texmf-dist/tex/latex/amsfonts/umsb.fd
File: umsb.fd 2013/01/14 v3.01 AMS symbols B
)
Package babel Info: Redefining portuges shorthand "|
(babel)             in language append on input line 32.
Package babel Info: Redefining portuges shorthand "|
(babel)             in language append on input line 32.
 [0

{/var/lib/texmf/fonts/map/pdftex/updmap/pdftex.map}]
Package babel Info: Redefining portuges shorthand "|
(babel)             in language append on input line 37.
Package babel Info: Redefining portuges shorthand "|
(babel)             in language append on input line 37.
pdfTeX warning (ext4): destination with the same identifier (name{page.}) has b
een already used, duplicate ignored
<to be read again> 
                   \relax 
l.37 \folhaderosto
                   [1] (./00_folha_aprovacao.tex
Underfull \hbox (badness 10000) in paragraph at lines 20--22

 []

)
Package babel Info: Redefining portuges shorthand "|
(babel)             in language append on input line 66.
Package babel Info: Redefining portuges shorthand "|
(babel)             in language append on input line 66.
 [1

] (./resumo.tex)
Package babel Info: Redefining portuges shorthand "|
(babel)             in language append on input line 68.
Package babel Info: Redefining portuges shorthand "|
(babel)             in language append on input line 68.
 [2


] (./abstract.tex)
Package babel Info: Redefining portuges shorthand "|
(babel)             in language append on input line 75.
Package babel Info: Redefining portuges shorthand "|
(babel)             in language append on input line 75.
 [3


] (./glossario.tex)
Package babel Info: Redefining portuges shorthand "|
(babel)             in language append on input line 86.
Package babel Info: Redefining portuges shorthand "|
(babel)             in language append on input line 86.
 [4


] (./tcc.toc
Package babel Info: Redefining portuges shorthand "|
(babel)             in language append on input line 22.
Package babel Info: Redefining portuges shorthand "|
(babel)             in language append on input line 22.

[5

]
LaTeX Font Info:    Font shape `U/lasy/b/n' in size <8> not available
(Font)              Font shape `U/lasy/m/n' tried instead on input line 35.
LaTeX Font Info:    Font shape `U/lasy/b/n' in size <6> not available
(Font)              Font shape `U/lasy/m/n' tried instead on input line 35.
)
\tf@toc=\write4
\openout4 = `tcc.toc'.

Package babel Info: Redefining portuges shorthand "|
(babel)             in language append on input line 86.
Package babel Info: Redefining portuges shorthand "|
(babel)             in language append on input line 86.
 [6] (./tcc.lof)
\tf@lof=\write5
\openout5 = `tcc.lof'.

Package babel Info: Redefining portuges shorthand "|
(babel)             in language append on input line 98.
Package babel Info: Redefining portuges shorthand "|
(babel)             in language append on input line 98.
 [7


] (./tcc.loa)
\tf@loa=\write6
\openout6 = `tcc.loa'.

Package babel Info: Redefining portuges shorthand "|
(babel)             in language append on input line 99.
Package babel Info: Redefining portuges shorthand "|
(babel)             in language append on input line 99.
 [8

])
Cap\'{\i }tulo 1.
Package babel Info: Redefining portuges shorthand "|
(babel)             in language append on input line 107.
(./01_introducao.tex
Package babel Info: Redefining portuges shorthand "|
(babel)             in language append on input line 10.
Package babel Info: Redefining portuges shorthand "|
(babel)             in language append on input line 10.
 [1


])
Package babel Info: Redefining portuges shorthand "|
(babel)             in language append on input line 113.
Package babel Info: Redefining portuges shorthand "|
(babel)             in language append on input line 113.
 [2]
Cap\'{\i }tulo 2.
Package babel Info: Redefining portuges shorthand "|
(babel)             in language append on input line 113.
(./02_segundo_capitulo.tex
Package babel Info: Redefining portuges shorthand "|
(babel)             in language append on input line 4.
Package babel Info: Redefining portuges shorthand "|
(babel)             in language append on input line 13.
Package babel Info: Redefining portuges shorthand "|
(babel)             in language append on input line 13.
 [3

]
Package hyperref Info: bookmark level for unknown algocf defaults to 0 on input
 line 23.

Overfull \hbox (19.91684pt too wide) detected at line 34
[][]
 []

Package babel Info: Redefining portuges shorthand "|
(babel)             in language append on input line 37.
Package babel Info: Redefining portuges shorthand "|
(babel)             in language append on input line 37.
[4]
Package babel Info: Redefining portuges shorthand "|
(babel)             in language append on input line 44.
Package babel Info: Redefining portuges shorthand "|
(babel)             in language append on input line 44.
 [5]
Package babel Info: Redefining portuges shorthand "|
(babel)             in language append on input line 49.
Package babel Info: Redefining portuges shorthand "|
(babel)             in language append on input line 58.
Package babel Info: Redefining portuges shorthand "|
(babel)             in language append on input line 58.
 [6]
Package babel Info: Redefining portuges shorthand "|
(babel)             in language append on input line 61.
Package babel Info: Redefining portuges shorthand "|
(babel)             in language append on input line 71.
Package babel Info: Redefining portuges shorthand "|
(babel)             in language append on input line 71.
 [7]
Package babel Info: Redefining portuges shorthand "|
(babel)             in language append on input line 72.
 <imagens/evolucaoCpp.png, id=431, 683.6742pt x 277.9986pt>
File: imagens/evolucaoCpp.png Graphic file (type png)

<use imagens/evolucaoCpp.png>
Package pdftex.def Info: imagens/evolucaoCpp.png used on input line 87.
(pdftex.def)             Requested size: 410.20767pt x 166.80043pt.
Package babel Info: Redefining portuges shorthand "|
(babel)             in language append on input line 93.
Package babel Info: Redefining portuges shorthand "|
(babel)             in language append on input line 93.
pdfTeX warning (ext4): destination with the same identifier (name{page.8}) has 
been already used, duplicate ignored
<to be read again> 
                   \relax 
l.93 
      [8]
Package babel Info: Redefining portuges shorthand "|
(babel)             in language append on input line 94.
LaTeX Font Info:    Font shape `U/lasy/b/n' in size <7> not available
(Font)              Font shape `U/lasy/m/n' tried instead on input line 101.
LaTeX Font Info:    Font shape `U/lasy/b/n' in size <5> not available
(Font)              Font shape `U/lasy/m/n' tried instead on input line 101.
Package babel Info: Redefining portuges shorthand "|
(babel)             in language append on input line 102.
Package babel Info: Redefining portuges shorthand "|
(babel)             in language append on input line 102.
 [9 <./imagens/evolucaoCpp.png>]
Package hyperref Info: bookmark level for unknown lstlisting defaults to 0 on i
nput line 106.
 (./codigos/initializerListExample.cpp)
Overfull \hbox (19.91684pt too wide) detected at line 107
[][]
 []

Package babel Info: Redefining portuges shorthand "|
(babel)             in language append on input line 109.
(./codigos/acessoSeqIndiceExample.cpp)
Overfull \hbox (19.91684pt too wide) detected at line 122
[][]
 []

(./codigos/acessoSeqIteradorExample.cpp
LaTeX Font Info:    Try loading font information for OMS+cmr on input line 6.

(/usr/share/texlive/texmf-dist/tex/latex/base/omscmr.fd
File: omscmr.fd 1999/05/25 v2.5h Standard LaTeX font definitions
)
LaTeX Font Info:    Font shape `OMS/cmr/m/n' in size <10> not available
(Font)              Font shape `OMS/cmsy/m/n' tried instead on input line 6.
)
Overfull \hbox (19.91684pt too wide) detected at line 131
[][]
 []

Package babel Info: Redefining portuges shorthand "|
(babel)             in language append on input line 135.
Package babel Info: Redefining portuges shorthand "|
(babel)             in language append on input line 135.
[10]
Package babel Info: Redefining portuges shorthand "|
(babel)             in language append on input line 135.
Package babel Info: Redefining portuges shorthand "|
(babel)             in language append on input line 135.
 [11] (./codigos/forNovaSintaxe.cpp)
Overfull \hbox (19.91684pt too wide) detected at line 142
[][]
 []

Package babel Info: Redefining portuges shorthand "|
(babel)             in language append on input line 144.
Package babel Info: Redefining portuges shorthand "|
(babel)             in language append on input line 150.
Package babel Info: Redefining portuges shorthand "|
(babel)             in language append on input line 150.
[12] (./codigos/nullptr.cpp)
Overfull \hbox (19.91684pt too wide) detected at line 161
[][]
 []

Package babel Info: Redefining portuges shorthand "|
(babel)             in language append on input line 163.
Package babel Info: Redefining portuges shorthand "|
(babel)             in language append on input line 167.
Package babel Info: Redefining portuges shorthand "|
(babel)             in language append on input line 167.
[13] (./codigos/declaracaoLonga.cpp)
Overfull \hbox (19.91684pt too wide) detected at line 172
[][]
 []

(./codigos/declaracaoCurta.cpp)
Overfull \hbox (19.91684pt too wide) detected at line 182
[][]
 []

(./codigos/autoParticularidade.cpp)
Overfull \hbox (19.91684pt too wide) detected at line 190
[][]
 []

Package babel Info: Redefining portuges shorthand "|
(babel)             in language append on input line 193.
Package babel Info: Redefining portuges shorthand "|
(babel)             in language append on input line 193.
[14] (./codigos/decltype.cpp)
Overfull \hbox (19.91684pt too wide) detected at line 200
[][]
 []

Package babel Info: Redefining portuges shorthand "|
(babel)             in language append on input line 202.
Package babel Info: Redefining portuges shorthand "|
(babel)             in language append on input line 206.
Package babel Info: Redefining portuges shorthand "|
(babel)             in language append on input line 206.
[15] (./codigos/ponteiroFuncoesMetodos.cpp)
Overfull \hbox (19.91684pt too wide) detected at line 215
[][]
 []

(./codigos/stdFunction.cpp)
Overfull \hbox (19.91684pt too wide) detected at line 225
[][]
 []

<imagens/LambdaExpression.png, id=641, 387.849pt x 111.617pt>
File: imagens/LambdaExpression.png Graphic file (type png)

<use imagens/LambdaExpression.png>
Package pdftex.def Info: imagens/LambdaExpression.png used on input line 231.
(pdftex.def)             Requested size: 387.84804pt x 111.61671pt.
Package babel Info: Redefining portuges shorthand "|
(babel)             in language append on input line 237.
Package babel Info: Redefining portuges shorthand "|
(babel)             in language append on input line 237.
 [16]
Package babel Info: Redefining portuges shorthand "|
(babel)             in language append on input line 237.
Package babel Info: Redefining portuges shorthand "|
(babel)             in language append on input line 237.
 [17]
Package babel Info: Redefining portuges shorthand "|
(babel)             in language append on input line 242.
Package babel Info: Redefining portuges shorthand "|
(babel)             in language append on input line 242.
 [18 <./imagens/LambdaExpression.png>]
Overfull \hbox (1.2415pt too wide) in paragraph at lines 250--251
[]\T1/cmr/m/n/12 Neste ponto de-
 []

(./codigos/lambdaExpression.cpp)
Overfull \hbox (19.91684pt too wide) detected at line 263
[][]
 []

Package babel Info: Redefining portuges shorthand "|
(babel)             in language append on input line 263.
Package babel Info: Redefining portuges shorthand "|
(babel)             in language append on input line 263.
[19]
Package babel Info: Redefining portuges shorthand "|
(babel)             in language append on input line 266.
Package babel Info: Redefining portuges shorthand "|
(babel)             in language append on input line 282.
Package babel Info: Redefining portuges shorthand "|
(babel)             in language append on input line 282.
 [20] (./codigos/smartPointers.cpp)
Overfull \hbox (19.91684pt too wide) detected at line 292
[][]
 []

Package babel Info: Redefining portuges shorthand "|
(babel)             in language append on input line 294.
Package babel Info: Redefining portuges shorthand "|
(babel)             in language append on input line 297.
Package babel Info: Redefining portuges shorthand "|
(babel)             in language append on input line 297.
[21] <imagens/windowLinux.png, id=780, 296.307pt x 319.4334pt>
File: imagens/windowLinux.png Graphic file (type png)

<use imagens/windowLinux.png>
Package pdftex.def Info: imagens/windowLinux.png used on input line 302.
(pdftex.def)             Requested size: 296.30627pt x 319.4326pt.

<imagens/windowWindows.png, id=781, 409.53pt x 448.67625pt>
File: imagens/windowWindows.png Graphic file (type png)

<use imagens/windowWindows.png>
Package pdftex.def Info: imagens/windowWindows.png used on input line 308.
(pdftex.def)             Requested size: 327.62444pt x 358.94148pt.

<imagens/windowMac.png, id=782, 401.5pt x 438.63875pt>
File: imagens/windowMac.png Graphic file (type png)

<use imagens/windowMac.png>
Package pdftex.def Info: imagens/windowMac.png used on input line 314.
(pdftex.def)             Requested size: 321.20042pt x 350.91147pt.
Package babel Info: Redefining portuges shorthand "|
(babel)             in language append on input line 320.
Package babel Info: Redefining portuges shorthand "|
(babel)             in language append on input line 320.
 [22 <./imagens/windowLinux.png>]
Package babel Info: Redefining portuges shorthand "|
(babel)             in language append on input line 325.
Package babel Info: Redefining portuges shorthand "|
(babel)             in language append on input line 325.
 [23 <./imagens/windowWindows.png (PNG copy)>]
Package babel Info: Redefining portuges shorthand "|
(babel)             in language append on input line 328.
Package babel Info: Redefining portuges shorthand "|
(babel)             in language append on input line 332.
Package babel Info: Redefining portuges shorthand "|
(babel)             in language append on input line 332.
 [24 <./imagens/windowMac.png>]
<imagens/modeloRelacional.png, id=809, 410.2828pt x 184.43906pt>
File: imagens/modeloRelacional.png Graphic file (type png)

<use imagens/modeloRelacional.png>
Package pdftex.def Info: imagens/modeloRelacional.png used on input line 340.
(pdftex.def)             Requested size: 410.2818pt x 184.4386pt.
Package babel Info: Redefining portuges shorthand "|
(babel)             in language append on input line 347.
Package babel Info: Redefining portuges shorthand "|
(babel)             in language append on input line 350.
Package babel Info: Redefining portuges shorthand "|
(babel)             in language append on input line 350.
 [25]
Package babel Info: Redefining portuges shorthand "|
(babel)             in language append on input line 352.
Package babel Info: Redefining portuges shorthand "|
(babel)             in language append on input line 360.
Package babel Info: Redefining portuges shorthand "|
(babel)             in language append on input line 360.
 [26 <./imagens/modeloRelacional.png>]
(./codigos/qtsql_mapclasse.cpp)
Overfull \hbox (19.91684pt too wide) detected at line 376
[][]
 []

Package babel Info: Redefining portuges shorthand "|
(babel)             in language append on input line 379.
Package babel Info: Redefining portuges shorthand "|
(babel)             in language append on input line 379.
[27]
Package babel Info: Redefining portuges shorthand "|
(babel)             in language append on input line 383.
Package babel Info: Redefining portuges shorthand "|
(babel)             in language append on input line 399.
Package babel Info: Redefining portuges shorthand "|
(babel)             in language append on input line 399.
 [28]
Package babel Info: Redefining portuges shorthand "|
(babel)             in language append on input line 410.
Package babel Info: Redefining portuges shorthand "|
(babel)             in language append on input line 410.
 [29])
Package babel Info: Redefining portuges shorthand "|
(babel)             in language append on input line 118.
Package babel Info: Redefining portuges shorthand "|
(babel)             in language append on input line 118.
 [30]
Cap\'{\i }tulo 3.
Package babel Info: Redefining portuges shorthand "|
(babel)             in language append on input line 118.
(./03_terceiro_capitulo.tex
Package babel Info: Redefining portuges shorthand "|
(babel)             in language append on input line 3.
Package babel Info: Redefining portuges shorthand "|
(babel)             in language append on input line 13.
Package babel Info: Redefining portuges shorthand "|
(babel)             in language append on input line 13.
 [31

]
Overfull \hbox (0.34586pt too wide) in paragraph at lines 15--16
[]\T1/cmr/m/n/12 Camada res-pon-sá-vel por abs-trair a co-
 []

Package babel Info: Redefining portuges shorthand "|
(babel)             in language append on input line 22.
Package babel Info: Redefining portuges shorthand "|
(babel)             in language append on input line 28.
Package babel Info: Redefining portuges shorthand "|
(babel)             in language append on input line 28.
[32]
Package babel Info: Redefining portuges shorthand "|
(babel)             in language append on input line 31.
Package babel Info: Redefining portuges shorthand "|
(babel)             in language append on input line 44.
Package babel Info: Redefining portuges shorthand "|
(babel)             in language append on input line 48.
Package babel Info: Redefining portuges shorthand "|
(babel)             in language append on input line 48.
 [33])
Package babel Info: Redefining portuges shorthand "|
(babel)             in language append on input line 123.
Package babel Info: Redefining portuges shorthand "|
(babel)             in language append on input line 123.
 [34]
Cap\'{\i }tulo 4.
Package babel Info: Redefining portuges shorthand "|
(babel)             in language append on input line 123.
(./04_quarto_capitulo.tex
Package babel Info: Redefining portuges shorthand "|
(babel)             in language append on input line 6.
Package babel Info: Redefining portuges shorthand "|
(babel)             in language append on input line 6.
 [35

]
Package babel Info: Redefining portuges shorthand "|
(babel)             in language append on input line 11.

<imagens/camadas.png, id=919, 892.936pt x 864.028pt>
File: imagens/camadas.png Graphic file (type png)
 <use imagens/camadas.png>
Package pdftex.def Info: imagens/camadas.png used on input line 24.
(pdftex.def)             Requested size: 357.16808pt x 345.60507pt.
Package babel Info: Redefining portuges shorthand "|
(babel)             in language append on input line 28.
Package babel Info: Redefining portuges shorthand "|
(babel)             in language append on input line 28.

[36]
Package babel Info: Redefining portuges shorthand "|
(babel)             in language append on input line 30.
Package babel Info: Redefining portuges shorthand "|
(babel)             in language append on input line 36.
Package babel Info: Redefining portuges shorthand "|
(babel)             in language append on input line 36.
 [37 <./imagens/camadas.png>] (./codigos/reflectionExample.cpp)
Overfull \hbox (19.91684pt too wide) detected at line 41
[][]
 []

Package babel Info: Redefining portuges shorthand "|
(babel)             in language append on input line 45.
Package babel Info: Redefining portuges shorthand "|
(babel)             in language append on input line 53.
Package babel Info: Redefining portuges shorthand "|
(babel)             in language append on input line 53.
[38] (./codigos/prototypeVariant.cpp)
Overfull \hbox (19.91684pt too wide) detected at line 58
[][]
 []

(./codigos/lambdaExample.cpp)
Overfull \hbox (19.91684pt too wide) detected at line 68
[][]
 []

Package babel Info: Redefining portuges shorthand "|
(babel)             in language append on input line 71.
Package babel Info: Redefining portuges shorthand "|
(babel)             in language append on input line 71.
[39]
Package babel Info: Redefining portuges shorthand "|
(babel)             in language append on input line 72.
Package babel Info: Redefining portuges shorthand "|
(babel)             in language append on input line 78.
Package babel Info: Redefining portuges shorthand "|
(babel)             in language append on input line 78.
 [40] <imagens/reflectDiagram.png, id=979, 264.99pt x 242.40562pt>
File: imagens/reflectDiagram.png Graphic file (type png)

<use imagens/reflectDiagram.png>
Package pdftex.def Info: imagens/reflectDiagram.png used on input line 81.
(pdftex.def)             Requested size: 264.98935pt x 242.40501pt.
Package babel Info: Redefining portuges shorthand "|
(babel)             in language append on input line 89.
Package babel Info: Redefining portuges shorthand "|
(babel)             in language append on input line 89.
 [41 <./imagens/reflectDiagram.png>]
(./codigos/annotationsExample.cpp)
Overfull \hbox (19.91684pt too wide) detected at line 94
[][]
 []

Package babel Info: Redefining portuges shorthand "|
(babel)             in language append on input line 98.
Package babel Info: Redefining portuges shorthand "|
(babel)             in language append on input line 104.
Package babel Info: Redefining portuges shorthand "|
(babel)             in language append on input line 104.
[42] <imagens/storageDiagram.png, id=1007, 575.14874pt x 376.40625pt>
File: imagens/storageDiagram.png Graphic file (type png)

<use imagens/storageDiagram.png>
Package pdftex.def Info: imagens/storageDiagram.png used on input line 107.
(pdftex.def)             Requested size: 402.60138pt x 263.48257pt.
)
Package babel Info: Redefining portuges shorthand "|
(babel)             in language append on input line 128.
Package babel Info: Redefining portuges shorthand "|
(babel)             in language append on input line 128.
 [43 <./imagens/storageDiagram.png>]
Cap\'{\i }tulo 5.
Package babel Info: Redefining portuges shorthand "|
(babel)             in language append on input line 128.
(./05_quinto_capitulo.tex
Package babel Info: Redefining portuges shorthand "|
(babel)             in language append on input line 11.
Package babel Info: Redefining portuges shorthand "|
(babel)             in language append on input line 15.
Package babel Info: Redefining portuges shorthand "|
(babel)             in language append on input line 15.
 [44

]
Package babel Info: Redefining portuges shorthand "|
(babel)             in language append on input line 18.
Package babel Info: Redefining portuges shorthand "|
(babel)             in language append on input line 34.
Package babel Info: Redefining portuges shorthand "|
(babel)             in language append on input line 40.
Package babel Info: Redefining portuges shorthand "|
(babel)             in language append on input line 40.
 [45])
Package babel Info: Redefining portuges shorthand "|
(babel)             in language append on input line 133.
Package babel Info: Redefining portuges shorthand "|
(babel)             in language append on input line 133.
 [46]
Cap\'{\i }tulo 6.
Package babel Info: Redefining portuges shorthand "|
(babel)             in language append on input line 133.
(./06_sexto_capitulo.tex)
Package babel Info: Redefining portuges shorthand "|
(babel)             in language append on input line 139.
Package babel Info: Redefining portuges shorthand "|
(babel)             in language append on input line 139.
 [47

]
Apendice A.
Package babel Info: Redefining portuges shorthand "|
(babel)             in language append on input line 139.

Package hyperref Warning: Token not allowed in a PDF string (PDFDocEncoding):
(hyperref)                removing `math shift' on input line 139.


Package hyperref Warning: Token not allowed in a PDF string (PDFDocEncoding):
(hyperref)                \kern -1.95827pt
(hyperref)                removed on input line 139.


Package hyperref Warning: Token not allowed in a PDF string (PDFDocEncoding):
(hyperref)                removing `math shift' on input line 139.

(./07_apendice.tex
LaTeX Font Info:    Try loading font information for T1+cmtt on input line 3.
 (/usr/share/texlive/texmf-dist/tex/latex/base/t1cmtt.fd
File: t1cmtt.fd 1999/05/25 v2.5h Standard LaTeX font definitions
))
Package babel Info: Redefining portuges shorthand "|
(babel)             in language append on input line 143.
Package babel Info: Redefining portuges shorthand "|
(babel)             in language append on input line 143.

[48

]
Apendice B.
Package babel Info: Redefining portuges shorthand "|
(babel)             in language append on input line 143.

Package hyperref Warning: Token not allowed in a PDF string (PDFDocEncoding):
(hyperref)                removing `math shift' on input line 143.


Package hyperref Warning: Token not allowed in a PDF string (PDFDocEncoding):
(hyperref)                \kern -1.95827pt
(hyperref)                removed on input line 143.


Package hyperref Warning: Token not allowed in a PDF string (PDFDocEncoding):
(hyperref)                removing `math shift' on input line 143.

(./08_apendice.tex
Package babel Info: Redefining portuges shorthand "|
(babel)             in language append on input line 13.
Package babel Info: Redefining portuges shorthand "|
(babel)             in language append on input line 18.
Package babel Info: Redefining portuges shorthand "|
(babel)             in language append on input line 18.
 [49

]
<imagens/ubuntuBuildEssential.png, id=1059, 557.83406pt x 358.33875pt>
File: imagens/ubuntuBuildEssential.png Graphic file (type png)

<use imagens/ubuntuBuildEssential.png>
Package pdftex.def Info: imagens/ubuntuBuildEssential.png used on input line 28
.
(pdftex.def)             Requested size: 334.703pt x 215.0049pt.

<imagens/ubuntuCppVersion.png, id=1060, 559.33969pt x 360.59718pt>
File: imagens/ubuntuCppVersion.png Graphic file (type png)

<use imagens/ubuntuCppVersion.png>
Package pdftex.def Info: imagens/ubuntuCppVersion.png used on input line 35.
(pdftex.def)             Requested size: 335.6064pt x 216.35997pt.
Package babel Info: Redefining portuges shorthand "|
(babel)             in language append on input line 40.
Package babel Info: Redefining portuges shorthand "|
(babel)             in language append on input line 49.
Package babel Info: Redefining portuges shorthand "|
(babel)             in language append on input line 53.
Package babel Info: Redefining portuges shorthand "|
(babel)             in language append on input line 53.
 [50 <./imagens/ubuntuBuildEssential.png>]
<imagens/ubuntuInstaladorPropriedades.png, id=1067, 410.2828pt x 392.96812pt>
File: imagens/ubuntuInstaladorPropriedades.png Graphic file (type png)

<use imagens/ubuntuInstaladorPropriedades.png>
Package pdftex.def Info: imagens/ubuntuInstaladorPropriedades.png used on input
 line 65.
(pdftex.def)             Requested size: 246.17157pt x 235.78268pt.

<imagens/ubuntuInstalador1.png, id=1075, 381.67593pt x 348.55219pt>
File: imagens/ubuntuInstalador1.png Graphic file (type png)

<use imagens/ubuntuInstalador1.png>
Package pdftex.def Info: imagens/ubuntuInstalador1.png used on input line 74.
(pdftex.def)             Requested size: 229.00732pt x 209.1329pt.
Package babel Info: Redefining portuges shorthand "|
(babel)             in language append on input line 77.
Package babel Info: Redefining portuges shorthand "|
(babel)             in language append on input line 77.
 [51 <./imagens/ubuntuCppVersion.png>]
<imagens/ubuntuInstalador2.png, id=1081, 380.92313pt x 347.04657pt>
File: imagens/ubuntuInstalador2.png Graphic file (type png)

<use imagens/ubuntuInstalador2.png>
Package pdftex.def Info: imagens/ubuntuInstalador2.png used on input line 81.
(pdftex.def)             Requested size: 228.55562pt x 208.22954pt.

<imagens/ubuntuInstalador3.png, id=1082, 381.67593pt x 347.79938pt>
File: imagens/ubuntuInstalador3.png Graphic file (type png)

<use imagens/ubuntuInstalador3.png>
Package pdftex.def Info: imagens/ubuntuInstalador3.png used on input line 88.
(pdftex.def)             Requested size: 229.00732pt x 208.68123pt.

<imagens/ubuntuInstalador4.png, id=1083, 478.78876pt x 376.40625pt>
File: imagens/ubuntuInstalador4.png Graphic file (type png)

<use imagens/ubuntuInstalador4.png>
Package pdftex.def Info: imagens/ubuntuInstalador4.png used on input line 95.
(pdftex.def)             Requested size: 287.27547pt x 225.84547pt.

<imagens/ubuntuInstalador5.png, id=1084, 478.03593pt x 376.40625pt>
File: imagens/ubuntuInstalador5.png Graphic file (type png)

<use imagens/ubuntuInstalador5.png>
Package pdftex.def Info: imagens/ubuntuInstalador5.png used on input line 102.
(pdftex.def)             Requested size: 286.82376pt x 225.84547pt.

<imagens/ubuntuInstalador6.png, id=1085, 478.78876pt x 377.15906pt>
File: imagens/ubuntuInstalador6.png Graphic file (type png)

<use imagens/ubuntuInstalador6.png>
Package pdftex.def Info: imagens/ubuntuInstalador6.png used on input line 109.
(pdftex.def)             Requested size: 287.27547pt x 226.29718pt.

<imagens/ubuntuInstalador7.png, id=1086, 481.04718pt x 347.04657pt>
File: imagens/ubuntuInstalador7.png Graphic file (type png)

<use imagens/ubuntuInstalador7.png>
Package pdftex.def Info: imagens/ubuntuInstalador7.png used on input line 116.
(pdftex.def)             Requested size: 288.63054pt x 208.22954pt.
Package babel Info: Redefining portuges shorthand "|
(babel)             in language append on input line 121.
Package babel Info: Redefining portuges shorthand "|
(babel)             in language append on input line 126.
Package babel Info: Redefining portuges shorthand "|
(babel)             in language append on input line 126.
 [52 <./imagens/ubuntuInstaladorPropriedades.png> <./imagens/ubuntuInstalador1.
png>]
Package babel Info: Redefining portuges shorthand "|
(babel)             in language append on input line 130.
Package babel Info: Redefining portuges shorthand "|
(babel)             in language append on input line 137.
Package babel Info: Redefining portuges shorthand "|
(babel)             in language append on input line 137.
 [53 <./imagens/ubuntuInstalador2.png> <./imagens/ubuntuInstalador3.png>]
Overfull \hbox (1.59433pt too wide) in paragraph at lines 144--144
[]\T1/cmtt/m/n/12 su -c "psql -c \"alter user postgres with encrypted password 
'postgres'\""[] 
 []

)
Package babel Info: Redefining portuges shorthand "|
(babel)             in language append on input line 152.
Package babel Info: Redefining portuges shorthand "|
(babel)             in language append on input line 152.
 [54 <./imagens/ubuntuInstalador4.png> <./imagens/ubuntuInstalador5.png>]
Package babel Info: Redefining portuges shorthand "|
(babel)             in language append on input line 152.
Package babel Info: Redefining portuges shorthand "|
(babel)             in language append on input line 152.

[55 <./imagens/ubuntuInstalador6.png> <./imagens/ubuntuInstalador7.png>]
(./tcc.bbl
Package babel Info: Redefining portuges shorthand "|
(babel)             in language append on input line 1.
)
+-------------------------------------------------------------------+
| Comentario, sugestao ou critica sobre o abnTeX? Entre em contato: |
|                  http://abntex.codigolivre.org.br                 |
+-------------------------------------------------------------------+
Package atveryend Info: Empty hook `BeforeClearDocument' on input line 156.
Package babel Info: Redefining portuges shorthand "|
(babel)             in language append on input line 156.
Package babel Info: Redefining portuges shorthand "|
(babel)             in language append on input line 156.
[56


]
Package atveryend Info: Empty hook `AfterLastShipout' on input line 156.
 (./tcc.aux)
Package atveryend Info: Executing hook `AtVeryEndDocument' on input line 156.
Package atveryend Info: Executing hook `AtEndAfterFileList' on input line 156.
Package rerunfilecheck Info: File `tcc.out' has not changed.
(rerunfilecheck)             Checksum: 2DC936D06F44549AA4CD4A3B879166BF;3147.
Package atveryend Info: Empty hook `AtVeryVeryEnd' on input line 156.
 ) 
Here is how much of TeX's memory you used:
 12979 strings out of 493304
 187913 string characters out of 6139870
 453914 words of memory out of 5000000
 15610 multiletter control sequences out of 15000+600000
 37245 words of font info for 104 fonts, out of 8000000 for 9000
 958 hyphenation exceptions out of 8191
 37i,11n,58p,1328b,1511s stack positions out of 5000i,500n,10000p,200000b,80000s
{/usr/share/texmf/fonts/enc/dvips/cm-super/cm-super-t1.enc}</usr/share/texliv
e/texmf-dist/fonts/type1/public/amsfonts/cm/cmsy10.pfb></usr/share/texmf/fonts/
type1/public/cm-super/sfbi1200.pfb></usr/share/texmf/fonts/type1/public/cm-supe
r/sfbi1728.pfb></usr/share/texmf/fonts/type1/public/cm-super/sfbx1200.pfb></usr
/share/texmf/fonts/type1/public/cm-super/sfbx1440.pfb></usr/share/texmf/fonts/t
ype1/public/cm-super/sfbx1728.pfb></usr/share/texmf/fonts/type1/public/cm-super
/sfcc1440.pfb></usr/share/texmf/fonts/type1/public/cm-super/sfrb1200.pfb></usr/
share/texmf/fonts/type1/public/cm-super/sfrb2074.pfb></usr/share/texmf/fonts/ty
pe1/public/cm-super/sfrb2488.pfb></usr/share/texmf/fonts/type1/public/cm-super/
sfrm0600.pfb></usr/share/texmf/fonts/type1/public/cm-super/sfrm0700.pfb></usr/s
hare/texmf/fonts/type1/public/cm-super/sfrm0800.pfb></usr/share/texmf/fonts/typ
e1/public/cm-super/sfrm1000.pfb></usr/share/texmf/fonts/type1/public/cm-super/s
frm1095.pfb></usr/share/texmf/fonts/type1/public/cm-super/sfrm1200.pfb></usr/sh
are/texmf/fonts/type1/public/cm-super/sfrm1440.pfb></usr/share/texmf/fonts/type
1/public/cm-super/sfti1000.pfb></usr/share/texmf/fonts/type1/public/cm-super/sf
ti1095.pfb></usr/share/texmf/fonts/type1/public/cm-super/sfti1200.pfb></usr/sha
re/texmf/fonts/type1/public/cm-super/sftt1200.pfb>
Output written on tcc.pdf (66 pages, 1636930 bytes).
PDF statistics:
 1281 PDF objects out of 1440 (max. 8388607)
 1155 compressed objects within 12 object streams
 479 named destinations out of 1000 (max. 500000)
 424 words of extra memory for PDF output out of 10000 (max. 10000000)

